{"C:\\Users\\Kuliza509\\Desktop\\Python\\React_tutorial\\src\\sum.js": {"path":"C:\\Users\\Kuliza509\\Desktop\\Python\\React_tutorial\\src\\sum.js","statementMap":{"0":{"start":{"line":1,"column":19},"end":{"line":3,"column":1}},"1":{"start":{"line":2,"column":4},"end":{"line":2,"column":15}}},"fnMap":{"0":{"name":"(anonymous_0)","decl":{"start":{"line":1,"column":19},"end":{"line":1,"column":20}},"loc":{"start":{"line":1,"column":26},"end":{"line":3,"column":1}},"line":1}},"branchMap":{},"s":{"0":1,"1":1},"f":{"0":1},"b":{},"_coverageSchema":"1a1c01bbd47fc00a2c39e90264f33305004495a9","hash":"e9c19eebd68298c3db4e654df7bbf8e507b143e6"}
,"C:\\Users\\Kuliza509\\Desktop\\Python\\React_tutorial\\src\\components\\Body.js": {"path":"C:\\Users\\Kuliza509\\Desktop\\Python\\React_tutorial\\src\\components\\Body.js","statementMap":{"0":{"start":{"line":11,"column":13},"end":{"line":111,"column":1}},"1":{"start":{"line":13,"column":52},"end":{"line":13,"column":64}},"2":{"start":{"line":14,"column":56},"end":{"line":14,"column":68}},"3":{"start":{"line":15,"column":38},"end":{"line":15,"column":50}},"4":{"start":{"line":17,"column":22},"end":{"line":17,"column":45}},"5":{"start":{"line":21,"column":27},"end":{"line":21,"column":60}},"6":{"start":{"line":23,"column":2},"end":{"line":25,"column":9}},"7":{"start":{"line":24,"column":4},"end":{"line":24,"column":16}},"8":{"start":{"line":26,"column":20},"end":{"line":41,"column":3}},"9":{"start":{"line":27,"column":4},"end":{"line":40,"column":5}},"10":{"start":{"line":28,"column":19},"end":{"line":28,"column":45}},"11":{"start":{"line":29,"column":19},"end":{"line":29,"column":36}},"12":{"start":{"line":30,"column":6},"end":{"line":33,"column":8}},"13":{"start":{"line":34,"column":6},"end":{"line":37,"column":8}},"14":{"start":{"line":39,"column":6},"end":{"line":39,"column":25}},"15":{"start":{"line":43,"column":23},"end":{"line":43,"column":40}},"16":{"start":{"line":44,"column":2},"end":{"line":46,"column":3}},"17":{"start":{"line":45,"column":4},"end":{"line":45,"column":23}},"18":{"start":{"line":49,"column":2},"end":{"line":110,"column":4}},"19":{"start":{"line":62,"column":16},"end":{"line":62,"column":46}},"20":{"start":{"line":68,"column":36},"end":{"line":70,"column":17}},"21":{"start":{"line":69,"column":18},"end":{"line":69,"column":80}},"22":{"start":{"line":71,"column":16},"end":{"line":71,"column":52}},"23":{"start":{"line":81,"column":37},"end":{"line":83,"column":17}},"24":{"start":{"line":82,"column":27},"end":{"line":82,"column":49}},"25":{"start":{"line":84,"column":16},"end":{"line":84,"column":53}},"26":{"start":{"line":91,"column":278},"end":{"line":91,"column":305}},"27":{"start":{"line":99,"column":12},"end":{"line":105,"column":19}}},"fnMap":{"0":{"name":"(anonymous_0)","decl":{"start":{"line":11,"column":13},"end":{"line":11,"column":14}},"loc":{"start":{"line":11,"column":19},"end":{"line":111,"column":1}},"line":11},"1":{"name":"(anonymous_1)","decl":{"start":{"line":23,"column":12},"end":{"line":23,"column":13}},"loc":{"start":{"line":23,"column":18},"end":{"line":25,"column":3}},"line":23},"2":{"name":"(anonymous_2)","decl":{"start":{"line":26,"column":20},"end":{"line":26,"column":21}},"loc":{"start":{"line":26,"column":32},"end":{"line":41,"column":3}},"line":26},"3":{"name":"(anonymous_3)","decl":{"start":{"line":61,"column":24},"end":{"line":61,"column":25}},"loc":{"start":{"line":61,"column":31},"end":{"line":63,"column":15}},"line":61},"4":{"name":"(anonymous_4)","decl":{"start":{"line":67,"column":23},"end":{"line":67,"column":24}},"loc":{"start":{"line":67,"column":29},"end":{"line":72,"column":15}},"line":67},"5":{"name":"(anonymous_5)","decl":{"start":{"line":68,"column":61},"end":{"line":68,"column":62}},"loc":{"start":{"line":69,"column":18},"end":{"line":69,"column":80}},"line":69},"6":{"name":"(anonymous_6)","decl":{"start":{"line":80,"column":23},"end":{"line":80,"column":24}},"loc":{"start":{"line":80,"column":29},"end":{"line":85,"column":15}},"line":80},"7":{"name":"(anonymous_7)","decl":{"start":{"line":82,"column":18},"end":{"line":82,"column":19}},"loc":{"start":{"line":82,"column":27},"end":{"line":82,"column":49}},"line":82},"8":{"name":"(anonymous_8)","decl":{"start":{"line":91,"column":273},"end":{"line":91,"column":274}},"loc":{"start":{"line":91,"column":278},"end":{"line":91,"column":305}},"line":91},"9":{"name":"(anonymous_9)","decl":{"start":{"line":98,"column":35},"end":{"line":98,"column":36}},"loc":{"start":{"line":99,"column":12},"end":{"line":105,"column":19}},"line":99}},"branchMap":{"0":{"loc":{"start":{"line":44,"column":2},"end":{"line":46,"column":3}},"type":"if","locations":[{"start":{"line":44,"column":2},"end":{"line":46,"column":3}},{"start":{},"end":{}}],"line":44},"1":{"loc":{"start":{"line":49,"column":9},"end":{"line":110,"column":3}},"type":"cond-expr","locations":[{"start":{"line":50,"column":4},"end":{"line":50,"column":15}},{"start":{"line":52,"column":4},"end":{"line":109,"column":7}}],"line":49},"2":{"loc":{"start":{"line":104,"column":15},"end":{"line":104,"column":145}},"type":"cond-expr","locations":[{"start":{"line":104,"column":60},"end":{"line":104,"column":103}},{"start":{"line":104,"column":106},"end":{"line":104,"column":145}}],"line":104}},"s":{"0":1,"1":7,"2":7,"3":7,"4":7,"5":7,"6":7,"7":2,"8":7,"9":2,"10":2,"11":2,"12":2,"13":2,"14":0,"15":7,"16":7,"17":0,"18":7,"19":1,"20":1,"21":20,"22":1,"23":1,"24":20,"25":1,"26":0,"27":70},"f":{"0":7,"1":2,"2":2,"3":1,"4":1,"5":20,"6":1,"7":20,"8":0,"9":70},"b":{"0":[0,7],"1":[2,5],"2":[42,28]},"_coverageSchema":"1a1c01bbd47fc00a2c39e90264f33305004495a9","hash":"a6ffee8b1de590686706cfe2e9ed52b4723b396c"}
,"C:\\Users\\Kuliza509\\Desktop\\Python\\React_tutorial\\src\\components\\Contact.js": {"path":"C:\\Users\\Kuliza509\\Desktop\\Python\\React_tutorial\\src\\components\\Contact.js","statementMap":{"0":{"start":{"line":1,"column":16},"end":{"line":14,"column":1}},"1":{"start":{"line":2,"column":4},"end":{"line":13,"column":5}}},"fnMap":{"0":{"name":"(anonymous_0)","decl":{"start":{"line":1,"column":16},"end":{"line":1,"column":17}},"loc":{"start":{"line":1,"column":21},"end":{"line":14,"column":1}},"line":1}},"branchMap":{},"s":{"0":1,"1":4},"f":{"0":4},"b":{},"_coverageSchema":"1a1c01bbd47fc00a2c39e90264f33305004495a9","hash":"4cc6d20f0dfdbea6122d2a1b489baea64b994b9d"}
,"C:\\Users\\Kuliza509\\Desktop\\Python\\React_tutorial\\src\\components\\Header.js": {"path":"C:\\Users\\Kuliza509\\Desktop\\Python\\React_tutorial\\src\\components\\Header.js","statementMap":{"0":{"start":{"line":9,"column":15},"end":{"line":60,"column":1}},"1":{"start":{"line":10,"column":23},"end":{"line":10,"column":40}},"2":{"start":{"line":11,"column":32},"end":{"line":11,"column":49}},"3":{"start":{"line":12,"column":23},"end":{"line":12,"column":46}},"4":{"start":{"line":15,"column":18},"end":{"line":15,"column":56}},"5":{"start":{"line":15,"column":39},"end":{"line":15,"column":55}},"6":{"start":{"line":16,"column":2},"end":{"line":16,"column":24}},"7":{"start":{"line":18,"column":2},"end":{"line":59,"column":4}},"8":{"start":{"line":49,"column":14},"end":{"line":49,"column":79}}},"fnMap":{"0":{"name":"(anonymous_0)","decl":{"start":{"line":9,"column":15},"end":{"line":9,"column":16}},"loc":{"start":{"line":9,"column":21},"end":{"line":60,"column":1}},"line":9},"1":{"name":"(anonymous_1)","decl":{"start":{"line":15,"column":30},"end":{"line":15,"column":31}},"loc":{"start":{"line":15,"column":39},"end":{"line":15,"column":55}},"line":15},"2":{"name":"(anonymous_2)","decl":{"start":{"line":48,"column":21},"end":{"line":48,"column":22}},"loc":{"start":{"line":48,"column":27},"end":{"line":50,"column":13}},"line":48}},"branchMap":{"0":{"loc":{"start":{"line":49,"column":14},"end":{"line":49,"column":78}},"type":"cond-expr","locations":[{"start":{"line":49,"column":36},"end":{"line":49,"column":56}},{"start":{"line":49,"column":59},"end":{"line":49,"column":78}}],"line":49},"1":{"loc":{"start":{"line":54,"column":52},"end":{"line":54,"column":81}},"type":"cond-expr","locations":[{"start":{"line":54,"column":72},"end":{"line":54,"column":76}},{"start":{"line":54,"column":77},"end":{"line":54,"column":81}}],"line":54}},"s":{"0":2,"1":6,"2":6,"3":6,"4":6,"5":11,"6":6,"7":6,"8":1},"f":{"0":6,"1":11,"2":1},"b":{"0":[1,0],"1":[6,0]},"_coverageSchema":"1a1c01bbd47fc00a2c39e90264f33305004495a9","hash":"9dda027b48181ac86b76e469521858470795ef44"}
,"C:\\Users\\Kuliza509\\Desktop\\Python\\React_tutorial\\src\\components\\MenuList.js": {"path":"C:\\Users\\Kuliza509\\Desktop\\Python\\React_tutorial\\src\\components\\MenuList.js","statementMap":{"0":{"start":{"line":6,"column":17},"end":{"line":51,"column":1}},"1":{"start":{"line":7,"column":20},"end":{"line":7,"column":25}},"2":{"start":{"line":8,"column":17},"end":{"line":8,"column":30}},"3":{"start":{"line":10,"column":22},"end":{"line":12,"column":3}},"4":{"start":{"line":11,"column":4},"end":{"line":11,"column":27}},"5":{"start":{"line":14,"column":2},"end":{"line":50,"column":4}},"6":{"start":{"line":17,"column":8},"end":{"line":47,"column":14}},"7":{"start":{"line":42,"column":27},"end":{"line":42,"column":46}}},"fnMap":{"0":{"name":"(anonymous_0)","decl":{"start":{"line":6,"column":17},"end":{"line":6,"column":18}},"loc":{"start":{"line":6,"column":28},"end":{"line":51,"column":1}},"line":6},"1":{"name":"(anonymous_1)","decl":{"start":{"line":10,"column":22},"end":{"line":10,"column":23}},"loc":{"start":{"line":10,"column":30},"end":{"line":12,"column":3}},"line":10},"2":{"name":"(anonymous_2)","decl":{"start":{"line":16,"column":17},"end":{"line":16,"column":18}},"loc":{"start":{"line":17,"column":8},"end":{"line":47,"column":14}},"line":17},"3":{"name":"(anonymous_3)","decl":{"start":{"line":42,"column":23},"end":{"line":42,"column":24}},"loc":{"start":{"line":42,"column":27},"end":{"line":42,"column":46}},"line":42}},"branchMap":{"0":{"loc":{"start":{"line":28,"column":15},"end":{"line":29,"column":52}},"type":"binary-expr","locations":[{"start":{"line":28,"column":15},"end":{"line":28,"column":44}},{"start":{"line":29,"column":16},"end":{"line":29,"column":52}}],"line":28}},"s":{"0":1,"1":1,"2":1,"3":1,"4":1,"5":1,"6":5,"7":1},"f":{"0":1,"1":1,"2":5,"3":1},"b":{"0":[5,0]},"_coverageSchema":"1a1c01bbd47fc00a2c39e90264f33305004495a9","hash":"02e29daa259feddebb752d8869f6d0f96c6efac8"}
,"C:\\Users\\Kuliza509\\Desktop\\Python\\React_tutorial\\src\\components\\Offline.js": {"path":"C:\\Users\\Kuliza509\\Desktop\\Python\\React_tutorial\\src\\components\\Offline.js","statementMap":{"0":{"start":{"line":1,"column":14},"end":{"line":8,"column":1}},"1":{"start":{"line":2,"column":4},"end":{"line":7,"column":5}}},"fnMap":{"0":{"name":"(anonymous_0)","decl":{"start":{"line":1,"column":14},"end":{"line":1,"column":15}},"loc":{"start":{"line":1,"column":18},"end":{"line":8,"column":1}},"line":1}},"branchMap":{},"s":{"0":1,"1":0},"f":{"0":0},"b":{},"_coverageSchema":"1a1c01bbd47fc00a2c39e90264f33305004495a9","hash":"824e27cdd24ef6e9bed1766cd7a88db23537fa86"}
,"C:\\Users\\Kuliza509\\Desktop\\Python\\React_tutorial\\src\\components\\RestaurantCard.js": {"path":"C:\\Users\\Kuliza509\\Desktop\\Python\\React_tutorial\\src\\components\\RestaurantCard.js","statementMap":{"0":{"start":{"line":4,"column":23},"end":{"line":34,"column":1}},"1":{"start":{"line":5,"column":22},"end":{"line":5,"column":27}},"2":{"start":{"line":13,"column":6},"end":{"line":13,"column":19}},"3":{"start":{"line":14,"column":2},"end":{"line":33,"column":4}},"4":{"start":{"line":38,"column":31},"end":{"line":52,"column":1}},"5":{"start":{"line":39,"column":4},"end":{"line":51,"column":5}},"6":{"start":{"line":42,"column":41},"end":{"line":42,"column":61}},"7":{"start":{"line":44,"column":8},"end":{"line":50,"column":9}}},"fnMap":{"0":{"name":"(anonymous_0)","decl":{"start":{"line":4,"column":23},"end":{"line":4,"column":24}},"loc":{"start":{"line":4,"column":34},"end":{"line":34,"column":1}},"line":4},"1":{"name":"(anonymous_1)","decl":{"start":{"line":38,"column":31},"end":{"line":38,"column":32}},"loc":{"start":{"line":38,"column":49},"end":{"line":52,"column":1}},"line":38},"2":{"name":"(anonymous_2)","decl":{"start":{"line":39,"column":11},"end":{"line":39,"column":12}},"loc":{"start":{"line":39,"column":20},"end":{"line":51,"column":5}},"line":39}},"branchMap":{},"s":{"0":2,"1":72,"2":72,"3":72,"4":2,"5":8,"6":43,"7":43},"f":{"0":72,"1":8,"2":43},"b":{},"_coverageSchema":"1a1c01bbd47fc00a2c39e90264f33305004495a9","hash":"6b75671199c5f4645d7e30632efea839c65e8e6d"}
,"C:\\Users\\Kuliza509\\Desktop\\Python\\React_tutorial\\src\\components\\RestaurantCategory.js": {"path":"C:\\Users\\Kuliza509\\Desktop\\Python\\React_tutorial\\src\\components\\RestaurantCategory.js","statementMap":{"0":{"start":{"line":4,"column":27},"end":{"line":21,"column":1}},"1":{"start":{"line":5,"column":31},"end":{"line":5,"column":54}},"2":{"start":{"line":6,"column":39},"end":{"line":6,"column":44}},"3":{"start":{"line":8,"column":20},"end":{"line":10,"column":3}},"4":{"start":{"line":9,"column":4},"end":{"line":9,"column":57}},"5":{"start":{"line":12,"column":2},"end":{"line":20,"column":4}}},"fnMap":{"0":{"name":"(anonymous_0)","decl":{"start":{"line":4,"column":27},"end":{"line":4,"column":28}},"loc":{"start":{"line":4,"column":38},"end":{"line":21,"column":1}},"line":4},"1":{"name":"(anonymous_1)","decl":{"start":{"line":8,"column":20},"end":{"line":8,"column":21}},"loc":{"start":{"line":8,"column":24},"end":{"line":10,"column":3}},"line":8}},"branchMap":{"0":{"loc":{"start":{"line":9,"column":4},"end":{"line":9,"column":56}},"type":"cond-expr","locations":[{"start":{"line":9,"column":16},"end":{"line":9,"column":34}},{"start":{"line":9,"column":37},"end":{"line":9,"column":56}}],"line":9},"1":{"loc":{"start":{"line":16,"column":15},"end":{"line":16,"column":38}},"type":"cond-expr","locations":[{"start":{"line":16,"column":27},"end":{"line":16,"column":31}},{"start":{"line":16,"column":34},"end":{"line":16,"column":38}}],"line":16},"2":{"loc":{"start":{"line":18,"column":7},"end":{"line":18,"column":49}},"type":"binary-expr","locations":[{"start":{"line":18,"column":7},"end":{"line":18,"column":16}},{"start":{"line":18,"column":20},"end":{"line":18,"column":49}}],"line":18}},"s":{"0":1,"1":12,"2":12,"3":12,"4":1,"5":12},"f":{"0":12,"1":1},"b":{"0":[0,1],"1":[1,11],"2":[12,1]},"_coverageSchema":"1a1c01bbd47fc00a2c39e90264f33305004495a9","hash":"bf281fcd1255b99189609ff1f425c786dd38c344"}
,"C:\\Users\\Kuliza509\\Desktop\\Python\\React_tutorial\\src\\components\\RestaurantMenu.js": {"path":"C:\\Users\\Kuliza509\\Desktop\\Python\\React_tutorial\\src\\components\\RestaurantMenu.js","statementMap":{"0":{"start":{"line":9,"column":23},"end":{"line":77,"column":1}},"1":{"start":{"line":10,"column":36},"end":{"line":10,"column":50}},"2":{"start":{"line":12,"column":20},"end":{"line":12,"column":31}},"3":{"start":{"line":13,"column":18},"end":{"line":13,"column":42}},"4":{"start":{"line":15,"column":2},"end":{"line":17,"column":3}},"5":{"start":{"line":16,"column":4},"end":{"line":16,"column":23}},"6":{"start":{"line":27,"column":6},"end":{"line":27,"column":46}},"7":{"start":{"line":29,"column":4},"end":{"line":31,"column":78}},"8":{"start":{"line":34,"column":4},"end":{"line":38,"column":5}},"9":{"start":{"line":36,"column":8},"end":{"line":37,"column":70}},"10":{"start":{"line":41,"column":2},"end":{"line":76,"column":4}},"11":{"start":{"line":67,"column":8},"end":{"line":73,"column":10}},"12":{"start":{"line":72,"column":33},"end":{"line":72,"column":50}}},"fnMap":{"0":{"name":"(anonymous_0)","decl":{"start":{"line":9,"column":23},"end":{"line":9,"column":24}},"loc":{"start":{"line":9,"column":29},"end":{"line":77,"column":1}},"line":9},"1":{"name":"(anonymous_1)","decl":{"start":{"line":35,"column":6},"end":{"line":35,"column":7}},"loc":{"start":{"line":36,"column":8},"end":{"line":37,"column":70}},"line":36},"2":{"name":"(anonymous_2)","decl":{"start":{"line":66,"column":22},"end":{"line":66,"column":23}},"loc":{"start":{"line":67,"column":8},"end":{"line":73,"column":10}},"line":67},"3":{"name":"(anonymous_3)","decl":{"start":{"line":72,"column":24},"end":{"line":72,"column":25}},"loc":{"start":{"line":72,"column":33},"end":{"line":72,"column":50}},"line":72}},"branchMap":{"0":{"loc":{"start":{"line":15,"column":2},"end":{"line":17,"column":3}},"type":"if","locations":[{"start":{"line":15,"column":2},"end":{"line":17,"column":3}},{"start":{},"end":{}}],"line":15},"1":{"loc":{"start":{"line":27,"column":6},"end":{"line":27,"column":46}},"type":"binary-expr","locations":[{"start":{"line":27,"column":6},"end":{"line":27,"column":40}},{"start":{"line":27,"column":44},"end":{"line":27,"column":46}}],"line":27},"2":{"loc":{"start":{"line":29,"column":4},"end":{"line":31,"column":78}},"type":"binary-expr","locations":[{"start":{"line":29,"column":4},"end":{"line":30,"column":12}},{"start":{"line":31,"column":4},"end":{"line":31,"column":78}}],"line":29},"3":{"loc":{"start":{"line":70,"column":21},"end":{"line":70,"column":55}},"type":"cond-expr","locations":[{"start":{"line":70,"column":43},"end":{"line":70,"column":47}},{"start":{"line":70,"column":50},"end":{"line":70,"column":55}}],"line":70}},"s":{"0":1,"1":3,"2":3,"3":3,"4":3,"5":1,"6":2,"7":2,"8":2,"9":28,"10":2,"11":12,"12":1},"f":{"0":3,"1":28,"2":12,"3":1},"b":{"0":[1,2],"1":[2,0],"2":[2,0],"3":[1,11]},"_coverageSchema":"1a1c01bbd47fc00a2c39e90264f33305004495a9","hash":"28b8b53f3fff308a9b9f8735b4947f3aae955489"}
,"C:\\Users\\Kuliza509\\Desktop\\Python\\React_tutorial\\src\\components\\Shimmer.js": {"path":"C:\\Users\\Kuliza509\\Desktop\\Python\\React_tutorial\\src\\components\\Shimmer.js","statementMap":{"0":{"start":{"line":1,"column":16},"end":{"line":62,"column":1}},"1":{"start":{"line":2,"column":4},"end":{"line":61,"column":5}}},"fnMap":{"0":{"name":"(anonymous_0)","decl":{"start":{"line":1,"column":16},"end":{"line":1,"column":17}},"loc":{"start":{"line":1,"column":22},"end":{"line":62,"column":1}},"line":1}},"branchMap":{},"s":{"0":2,"1":3},"f":{"0":3},"b":{},"_coverageSchema":"1a1c01bbd47fc00a2c39e90264f33305004495a9","hash":"2a4b842e6cf1e15422caac04778b87d84341a7cc"}
,"C:\\Users\\Kuliza509\\Desktop\\Python\\React_tutorial\\utils\\UserContext.js": {"path":"C:\\Users\\Kuliza509\\Desktop\\Python\\React_tutorial\\utils\\UserContext.js","statementMap":{"0":{"start":{"line":3,"column":18},"end":{"line":5,"column":2}}},"fnMap":{},"branchMap":{},"s":{"0":3},"f":{},"b":{},"_coverageSchema":"1a1c01bbd47fc00a2c39e90264f33305004495a9","hash":"6131e2ebb27a2d7b548a94e0fff7efa3d3f2b788"}
,"C:\\Users\\Kuliza509\\Desktop\\Python\\React_tutorial\\utils\\appStore.js": {"path":"C:\\Users\\Kuliza509\\Desktop\\Python\\React_tutorial\\utils\\appStore.js","statementMap":{"0":{"start":{"line":4,"column":15},"end":{"line":8,"column":2}},"1":{"start":{"line":10,"column":0},"end":{"line":10,"column":22}}},"fnMap":{},"branchMap":{},"s":{"0":2,"1":2},"f":{},"b":{},"_coverageSchema":"1a1c01bbd47fc00a2c39e90264f33305004495a9","hash":"89512b66ebaa7220ecf61516e6e71477c28bb305"}
,"C:\\Users\\Kuliza509\\Desktop\\Python\\React_tutorial\\utils\\cartSlice.js": {"path":"C:\\Users\\Kuliza509\\Desktop\\Python\\React_tutorial\\utils\\cartSlice.js","statementMap":{"0":{"start":{"line":3,"column":24},"end":{"line":3,"column":51}},"1":{"start":{"line":6,"column":16},"end":{"line":24,"column":2}},"2":{"start":{"line":14,"column":12},"end":{"line":14,"column":44}},"3":{"start":{"line":17,"column":12},"end":{"line":17,"column":114}},"4":{"start":{"line":17,"column":62},"end":{"line":17,"column":110}},"5":{"start":{"line":20,"column":12},"end":{"line":20,"column":33}},"6":{"start":{"line":26,"column":0},"end":{"line":26,"column":23}},"7":{"start":{"line":28,"column":46},"end":{"line":28,"column":63}}},"fnMap":{"0":{"name":"(anonymous_0)","decl":{"start":{"line":12,"column":18},"end":{"line":12,"column":19}},"loc":{"start":{"line":12,"column":34},"end":{"line":15,"column":9}},"line":12},"1":{"name":"(anonymous_1)","decl":{"start":{"line":16,"column":21},"end":{"line":16,"column":22}},"loc":{"start":{"line":16,"column":37},"end":{"line":18,"column":9}},"line":16},"2":{"name":"(anonymous_2)","decl":{"start":{"line":17,"column":53},"end":{"line":17,"column":54}},"loc":{"start":{"line":17,"column":62},"end":{"line":17,"column":110}},"line":17},"3":{"name":"(anonymous_3)","decl":{"start":{"line":19,"column":20},"end":{"line":19,"column":21}},"loc":{"start":{"line":19,"column":29},"end":{"line":21,"column":9}},"line":19}},"branchMap":{},"s":{"0":2,"1":2,"2":1,"3":0,"4":0,"5":0,"6":2,"7":2},"f":{"0":1,"1":0,"2":0,"3":0},"b":{},"_coverageSchema":"1a1c01bbd47fc00a2c39e90264f33305004495a9","hash":"d1d55329078f67913e40e4c251e35cb66f108cb5"}
,"C:\\Users\\Kuliza509\\Desktop\\Python\\React_tutorial\\utils\\constants.js": {"path":"C:\\Users\\Kuliza509\\Desktop\\Python\\React_tutorial\\utils\\constants.js","statementMap":{"0":{"start":{"line":1,"column":28},"end":{"line":1,"column":164}},"1":{"start":{"line":3,"column":21},"end":{"line":3,"column":104}},"2":{"start":{"line":5,"column":22},"end":{"line":5,"column":154}},"3":{"start":{"line":7,"column":32},"end":{"line":7,"column":127}},"4":{"start":{"line":9,"column":22},"end":{"line":9,"column":97}},"5":{"start":{"line":11,"column":22},"end":{"line":11,"column":143}},"6":{"start":{"line":13,"column":25},"end":{"line":13,"column":165}}},"fnMap":{},"branchMap":{},"s":{"0":4,"1":4,"2":4,"3":4,"4":4,"5":4,"6":4},"f":{},"b":{},"_coverageSchema":"1a1c01bbd47fc00a2c39e90264f33305004495a9","hash":"178157946f283bb5a74c146f047750c749fa8282"}
,"C:\\Users\\Kuliza509\\Desktop\\Python\\React_tutorial\\utils\\useOnlineStatus.js": {"path":"C:\\Users\\Kuliza509\\Desktop\\Python\\React_tutorial\\utils\\useOnlineStatus.js","statementMap":{"0":{"start":{"line":3,"column":24},"end":{"line":15,"column":1}},"1":{"start":{"line":4,"column":41},"end":{"line":4,"column":55}},"2":{"start":{"line":6,"column":4},"end":{"line":13,"column":7}},"3":{"start":{"line":7,"column":8},"end":{"line":9,"column":10}},"4":{"start":{"line":8,"column":12},"end":{"line":8,"column":33}},"5":{"start":{"line":10,"column":8},"end":{"line":12,"column":10}},"6":{"start":{"line":11,"column":12},"end":{"line":11,"column":34}},"7":{"start":{"line":14,"column":4},"end":{"line":14,"column":24}}},"fnMap":{"0":{"name":"(anonymous_0)","decl":{"start":{"line":3,"column":24},"end":{"line":3,"column":25}},"loc":{"start":{"line":3,"column":29},"end":{"line":15,"column":1}},"line":3},"1":{"name":"(anonymous_1)","decl":{"start":{"line":6,"column":14},"end":{"line":6,"column":15}},"loc":{"start":{"line":6,"column":18},"end":{"line":13,"column":5}},"line":6},"2":{"name":"(anonymous_2)","decl":{"start":{"line":7,"column":41},"end":{"line":7,"column":42}},"loc":{"start":{"line":7,"column":46},"end":{"line":9,"column":9}},"line":7},"3":{"name":"(anonymous_3)","decl":{"start":{"line":10,"column":42},"end":{"line":10,"column":43}},"loc":{"start":{"line":10,"column":47},"end":{"line":12,"column":9}},"line":10}},"branchMap":{},"s":{"0":3,"1":13,"2":13,"3":13,"4":0,"5":13,"6":0,"7":13},"f":{"0":13,"1":13,"2":0,"3":0},"b":{},"_coverageSchema":"1a1c01bbd47fc00a2c39e90264f33305004495a9","hash":"be9a458a9402ead385f1d311087eaccc19f06ad3"}
,"C:\\Users\\Kuliza509\\Desktop\\Python\\React_tutorial\\utils\\useRestaurantMenu.js": {"path":"C:\\Users\\Kuliza509\\Desktop\\Python\\React_tutorial\\utils\\useRestaurantMenu.js","statementMap":{"0":{"start":{"line":4,"column":26},"end":{"line":18,"column":1}},"1":{"start":{"line":6,"column":31},"end":{"line":6,"column":45}},"2":{"start":{"line":8,"column":4},"end":{"line":10,"column":10}},"3":{"start":{"line":9,"column":8},"end":{"line":9,"column":19}},"4":{"start":{"line":12,"column":22},"end":{"line":16,"column":5}},"5":{"start":{"line":13,"column":19},"end":{"line":13,"column":46}},"6":{"start":{"line":14,"column":19},"end":{"line":14,"column":36}},"7":{"start":{"line":15,"column":8},"end":{"line":15,"column":31}},"8":{"start":{"line":17,"column":4},"end":{"line":17,"column":19}}},"fnMap":{"0":{"name":"(anonymous_0)","decl":{"start":{"line":4,"column":26},"end":{"line":4,"column":27}},"loc":{"start":{"line":4,"column":37},"end":{"line":18,"column":1}},"line":4},"1":{"name":"(anonymous_1)","decl":{"start":{"line":8,"column":14},"end":{"line":8,"column":15}},"loc":{"start":{"line":8,"column":18},"end":{"line":10,"column":5}},"line":8},"2":{"name":"(anonymous_2)","decl":{"start":{"line":12,"column":22},"end":{"line":12,"column":23}},"loc":{"start":{"line":12,"column":33},"end":{"line":16,"column":5}},"line":12}},"branchMap":{},"s":{"0":1,"1":3,"2":3,"3":1,"4":3,"5":1,"6":1,"7":1,"8":3},"f":{"0":3,"1":1,"2":1},"b":{},"_coverageSchema":"1a1c01bbd47fc00a2c39e90264f33305004495a9","hash":"c70211e9398f0a9947cd42431fc9e7f1662d60c5"}
}
