TN:
SF:src\sum.js
FN:1,(anonymous_0)
FNF:1
FNH:1
FNDA:1,(anonymous_0)
DA:1,1
DA:2,1
LF:2
LH:2
BRF:0
BRH:0
end_of_record
TN:
SF:src\components\Body.js
FN:11,(anonymous_0)
FN:23,(anonymous_1)
FN:26,(anonymous_2)
FN:61,(anonymous_3)
FN:67,(anonymous_4)
FN:68,(anonymous_5)
FN:80,(anonymous_6)
FN:82,(anonymous_7)
FN:91,(anonymous_8)
FN:98,(anonymous_9)
FNF:10
FNH:9
FNDA:7,(anonymous_0)
FNDA:2,(anonymous_1)
FNDA:2,(anonymous_2)
FNDA:1,(anonymous_3)
FNDA:1,(anonymous_4)
FNDA:20,(anonymous_5)
FNDA:1,(anonymous_6)
FNDA:20,(anonymous_7)
FNDA:0,(anonymous_8)
FNDA:70,(anonymous_9)
DA:11,1
DA:13,7
DA:14,7
DA:15,7
DA:17,7
DA:21,7
DA:23,7
DA:24,2
DA:26,7
DA:27,2
DA:28,2
DA:29,2
DA:30,2
DA:34,2
DA:39,0
DA:43,7
DA:44,7
DA:45,0
DA:49,7
DA:62,1
DA:68,1
DA:69,20
DA:71,1
DA:81,1
DA:82,20
DA:84,1
DA:91,0
DA:99,70
LF:28
LH:25
BRDA:44,0,0,0
BRDA:44,0,1,7
BRDA:49,1,0,2
BRDA:49,1,1,5
BRDA:104,2,0,42
BRDA:104,2,1,28
BRF:6
BRH:5
end_of_record
TN:
SF:src\components\Contact.js
FN:1,(anonymous_0)
FNF:1
FNH:1
FNDA:4,(anonymous_0)
DA:1,1
DA:2,4
LF:2
LH:2
BRF:0
BRH:0
end_of_record
TN:
SF:src\components\Header.js
FN:9,(anonymous_0)
FN:15,(anonymous_1)
FN:48,(anonymous_2)
FNF:3
FNH:3
FNDA:6,(anonymous_0)
FNDA:11,(anonymous_1)
FNDA:1,(anonymous_2)
DA:9,2
DA:10,6
DA:11,6
DA:12,6
DA:15,11
DA:16,6
DA:18,6
DA:49,1
LF:8
LH:8
BRDA:49,0,0,1
BRDA:49,0,1,0
BRDA:54,1,0,6
BRDA:54,1,1,0
BRF:4
BRH:2
end_of_record
TN:
SF:src\components\MenuList.js
FN:6,(anonymous_0)
FN:10,(anonymous_1)
FN:16,(anonymous_2)
FN:42,(anonymous_3)
FNF:4
FNH:4
FNDA:1,(anonymous_0)
FNDA:1,(anonymous_1)
FNDA:5,(anonymous_2)
FNDA:1,(anonymous_3)
DA:6,1
DA:7,1
DA:8,1
DA:10,1
DA:11,1
DA:14,1
DA:17,5
DA:42,1
LF:8
LH:8
BRDA:28,0,0,5
BRDA:28,0,1,0
BRF:2
BRH:1
end_of_record
TN:
SF:src\components\Offline.js
FN:1,(anonymous_0)
FNF:1
FNH:0
FNDA:0,(anonymous_0)
DA:1,1
DA:2,0
LF:2
LH:1
BRF:0
BRH:0
end_of_record
TN:
SF:src\components\RestaurantCard.js
FN:4,(anonymous_0)
FN:38,(anonymous_1)
FN:39,(anonymous_2)
FNF:3
FNH:3
FNDA:72,(anonymous_0)
FNDA:8,(anonymous_1)
FNDA:43,(anonymous_2)
DA:4,2
DA:5,72
DA:13,72
DA:14,72
DA:38,2
DA:39,8
DA:42,43
DA:44,43
LF:8
LH:8
BRF:0
BRH:0
end_of_record
TN:
SF:src\components\RestaurantCategory.js
FN:4,(anonymous_0)
FN:8,(anonymous_1)
FNF:2
FNH:2
FNDA:12,(anonymous_0)
FNDA:1,(anonymous_1)
DA:4,1
DA:5,12
DA:6,12
DA:8,12
DA:9,1
DA:12,12
LF:6
LH:6
BRDA:9,0,0,0
BRDA:9,0,1,1
BRDA:16,1,0,1
BRDA:16,1,1,11
BRDA:18,2,0,12
BRDA:18,2,1,1
BRF:6
BRH:5
end_of_record
TN:
SF:src\components\RestaurantMenu.js
FN:9,(anonymous_0)
FN:35,(anonymous_1)
FN:66,(anonymous_2)
FN:72,(anonymous_3)
FNF:4
FNH:4
FNDA:3,(anonymous_0)
FNDA:28,(anonymous_1)
FNDA:12,(anonymous_2)
FNDA:1,(anonymous_3)
DA:9,1
DA:10,3
DA:12,3
DA:13,3
DA:15,3
DA:16,1
DA:27,2
DA:29,2
DA:34,2
DA:36,28
DA:41,2
DA:67,12
DA:72,1
LF:13
LH:13
BRDA:15,0,0,1
BRDA:15,0,1,2
BRDA:27,1,0,2
BRDA:27,1,1,0
BRDA:29,2,0,2
BRDA:29,2,1,0
BRDA:70,3,0,1
BRDA:70,3,1,11
BRF:8
BRH:6
end_of_record
TN:
SF:src\components\Shimmer.js
FN:1,(anonymous_0)
FNF:1
FNH:1
FNDA:3,(anonymous_0)
DA:1,2
DA:2,3
LF:2
LH:2
BRF:0
BRH:0
end_of_record
TN:
SF:utils\UserContext.js
FNF:0
FNH:0
DA:3,3
LF:1
LH:1
BRF:0
BRH:0
end_of_record
TN:
SF:utils\appStore.js
FNF:0
FNH:0
DA:4,2
DA:10,2
LF:2
LH:2
BRF:0
BRH:0
end_of_record
TN:
SF:utils\cartSlice.js
FN:12,(anonymous_0)
FN:16,(anonymous_1)
FN:17,(anonymous_2)
FN:19,(anonymous_3)
FNF:4
FNH:1
FNDA:1,(anonymous_0)
FNDA:0,(anonymous_1)
FNDA:0,(anonymous_2)
FNDA:0,(anonymous_3)
DA:3,2
DA:6,2
DA:14,1
DA:17,0
DA:20,0
DA:26,2
DA:28,2
LF:7
LH:5
BRF:0
BRH:0
end_of_record
TN:
SF:utils\constants.js
FNF:0
FNH:0
DA:1,4
DA:3,4
DA:5,4
DA:7,4
DA:9,4
DA:11,4
DA:13,4
LF:7
LH:7
BRF:0
BRH:0
end_of_record
TN:
SF:utils\useOnlineStatus.js
FN:3,(anonymous_0)
FN:6,(anonymous_1)
FN:7,(anonymous_2)
FN:10,(anonymous_3)
FNF:4
FNH:2
FNDA:13,(anonymous_0)
FNDA:13,(anonymous_1)
FNDA:0,(anonymous_2)
FNDA:0,(anonymous_3)
DA:3,3
DA:4,13
DA:6,13
DA:7,13
DA:8,0
DA:10,13
DA:11,0
DA:14,13
LF:8
LH:6
BRF:0
BRH:0
end_of_record
TN:
SF:utils\useRestaurantMenu.js
FN:4,(anonymous_0)
FN:8,(anonymous_1)
FN:12,(anonymous_2)
FNF:3
FNH:3
FNDA:3,(anonymous_0)
FNDA:1,(anonymous_1)
FNDA:1,(anonymous_2)
DA:4,1
DA:6,3
DA:8,3
DA:9,1
DA:12,3
DA:13,1
DA:14,1
DA:15,1
DA:17,3
LF:9
LH:9
BRF:0
BRH:0
end_of_record
